<?xml version="1.0" encoding="UTF-8"?>
<!-- Generated by org.testng.reporters.JUnitXMLReporter -->
<testsuite ignored="23" hostname="MSI" failures="1" tests="3" name="Test" time="23.254" errors="0" timestamp="2024-09-21T18:59:04 IST">
  <testcase classname="generic.BaseTest" name="@BeforeClass OpenApplication" time="23.177">
    <failure type="org.openqa.selenium.NoSuchWindowException" message="no such window: target window already closed
from unknown error: web view not found
  (Session info: chrome=129.0.6668.59)
Build info: version: &amp;apos;3.141.0&amp;apos;, revision: &amp;apos;2ecb7d9a&amp;apos;, time: &amp;apos;2018-10-31T20:09:30&amp;apos;
System info: host: &amp;apos;MSI&amp;apos;, ip: &amp;apos;192.168.43.215&amp;apos;, os.name: &amp;apos;Windows 11&amp;apos;, os.arch: &amp;apos;amd64&amp;apos;, os.version: &amp;apos;10.0&amp;apos;, java.version: &amp;apos;21.0.4&amp;apos;
Driver info: org.openqa.selenium.chrome.ChromeDriver
Capabilities {acceptInsecureCerts: false, browserName: chrome, browserVersion: 129.0.6668.59, chrome: {chromedriverVersion: 129.0.6668.58 (81a06fb873a9..., userDataDir: C:\Users\dines\AppData\Loca...}, fedcm:accounts: true, goog:chromeOptions: {debuggerAddress: localhost:52914}, javascriptEnabled: true, networkConnectionEnabled: false, pageLoadStrategy: normal, platform: WINDOWS, platformName: WINDOWS, proxy: Proxy(), setWindowRect: true, strictFileInteractability: false, timeouts: {implicit: 0, pageLoad: 300000, script: 30000}, unhandledPromptBehavior: dismiss and notify, webauthn:extension:credBlob: true, webauthn:extension:largeBlob: true, webauthn:extension:minPinLength: true, webauthn:extension:prf: true, webauthn:virtualAuthenticators: true}
Session ID: 21e5a3dee992ebba6d20391ee1aa2c86">
      <![CDATA[org.openqa.selenium.NoSuchWindowException: no such window: target window already closed
from unknown error: web view not found
  (Session info: chrome=129.0.6668.59)
Build info: version: '3.141.0', revision: '2ecb7d9a', time: '2018-10-31T20:09:30'
System info: host: 'MSI', ip: '192.168.43.215', os.name: 'Windows 11', os.arch: 'amd64', os.version: '10.0', java.version: '21.0.4'
Driver info: org.openqa.selenium.chrome.ChromeDriver
Capabilities {acceptInsecureCerts: false, browserName: chrome, browserVersion: 129.0.6668.59, chrome: {chromedriverVersion: 129.0.6668.58 (81a06fb873a9..., userDataDir: C:\Users\dines\AppData\Loca...}, fedcm:accounts: true, goog:chromeOptions: {debuggerAddress: localhost:52914}, javascriptEnabled: true, networkConnectionEnabled: false, pageLoadStrategy: normal, platform: WINDOWS, platformName: WINDOWS, proxy: Proxy(), setWindowRect: true, strictFileInteractability: false, timeouts: {implicit: 0, pageLoad: 300000, script: 30000}, unhandledPromptBehavior: dismiss and notify, webauthn:extension:credBlob: true, webauthn:extension:largeBlob: true, webauthn:extension:minPinLength: true, webauthn:extension:prf: true, webauthn:virtualAuthenticators: true}
Session ID: 21e5a3dee992ebba6d20391ee1aa2c86
at org.openqa.selenium.remote.http.W3CHttpResponseCodec.createException(W3CHttpResponseCodec.java:187)
at org.openqa.selenium.remote.http.W3CHttpResponseCodec.decode(W3CHttpResponseCodec.java:122)
at org.openqa.selenium.remote.http.W3CHttpResponseCodec.decode(W3CHttpResponseCodec.java:49)
at org.openqa.selenium.remote.HttpCommandExecutor.execute(HttpCommandExecutor.java:158)
at org.openqa.selenium.remote.service.DriverCommandExecutor.execute(DriverCommandExecutor.java:83)
at org.openqa.selenium.remote.RemoteWebDriver.execute(RemoteWebDriver.java:552)
at org.openqa.selenium.remote.RemoteWebDriver.execute(RemoteWebDriver.java:609)
at org.openqa.selenium.remote.RemoteWebDriver$RemoteWebDriverOptions$RemoteWindow.maximize(RemoteWebDriver.java:837)
at generic.BaseTest.OpenApplication(BaseTest.java:141)
at java.base/java.util.ArrayList.forEach(ArrayList.java:1596)
... Removed 26 stack frames]]>
    </failure>
  </testcase> <!-- @BeforeClass OpenApplication -->
  <testcase classname="scripts.LoginPageFunctionalityTest" name="Valid_Login_Test" time="0.0">
    <skipped/>
  </testcase> <!-- Valid_Login_Test -->
  <testcase classname="scripts.LoginPageFunctionalityTest" name="Valid_Login_Test" time="0.014">
    <failure type="java.lang.NullPointerException" message="Cannot invoke &amp;quot;com.aventstack.extentreports.ExtentTest.log(com.aventstack.extentreports.Status, com.aventstack.extentreports.markuputils.Markup)&amp;quot; because &amp;quot;generic.ListenerTest.chiledTest&amp;quot; is null">
      <![CDATA[java.lang.NullPointerException: Cannot invoke "com.aventstack.extentreports.ExtentTest.log(com.aventstack.extentreports.Status, com.aventstack.extentreports.markuputils.Markup)" because "generic.ListenerTest.chiledTest" is null
at generic.ListenerTest.onTestSkipped(ListenerTest.java:67)
at java.base/java.util.ArrayList.forEach(ArrayList.java:1596)
... Removed 25 stack frames]]>
    </failure>
  </testcase> <!-- Valid_Login_Test -->
  <testcase classname="scripts.LoginPageFunctionalityTest" name="Logout_Test" time="0.0">
    <skipped/>
  </testcase> <!-- Logout_Test -->
  <testcase classname="scripts.ReportsPageFunctionalityTest" name="Issue_Status_And_Issue_Types_Reports_Test" time="0.0">
    <ignored/>
  </testcase> <!-- Issue_Status_And_Issue_Types_Reports_Test -->
  <testcase classname="scripts.UserManagementPageFunctionalityTest" name="Activate_User_Test" time="0.0">
    <ignored/>
  </testcase> <!-- Activate_User_Test -->
  <testcase classname="scripts.ReportsPageFunctionalityTest" name="Auditee_Average_Audit_Rating_Score_Reports_Test" time="0.0">
    <ignored/>
  </testcase> <!-- Auditee_Average_Audit_Rating_Score_Reports_Test -->
  <testcase classname="scripts.ReportsPageFunctionalityTest" name="Pie_Chart_Based_On_Issue_Reports_Test" time="0.0">
    <ignored/>
  </testcase> <!-- Pie_Chart_Based_On_Issue_Reports_Test -->
  <testcase classname="scripts.ReportsPageFunctionalityTest" name="Monthly_Top_Five_Adherence_Reports_Test" time="0.0">
    <ignored/>
  </testcase> <!-- Monthly_Top_Five_Adherence_Reports_Test -->
  <testcase classname="scripts.ReportsPageFunctionalityTest" name="Pie_Chart_Based_On_Audit_Status_Reports_Test" time="0.0">
    <ignored/>
  </testcase> <!-- Pie_Chart_Based_On_Audit_Status_Reports_Test -->
  <testcase classname="scripts.ReportsPageFunctionalityTest" name="Audit_Rating_Counts_Reports_Test" time="0.0">
    <ignored/>
  </testcase> <!-- Audit_Rating_Counts_Reports_Test -->
  <testcase classname="scripts.UserManagementPageFunctionalityTest" name="De_Activated_User_Login_Test" time="0.0">
    <ignored/>
  </testcase> <!-- De_Activated_User_Login_Test -->
  <testcase classname="scripts.ReportsPageFunctionalityTest" name="Top_5_Auditees_Reports_Test" time="0.0">
    <ignored/>
  </testcase> <!-- Top_5_Auditees_Reports_Test -->
  <testcase classname="scripts.UserManagementPageFunctionalityTest" name="Not_Confirmed_User_Login_Test" time="0.0">
    <ignored/>
  </testcase> <!-- Not_Confirmed_User_Login_Test -->
  <testcase classname="scripts.ReportsPageFunctionalityTest" name="Monthly_Bottom_Five_Reports_Test" time="0.0">
    <ignored/>
  </testcase> <!-- Monthly_Bottom_Five_Reports_Test -->
  <testcase classname="generic.BaseTest" name="@BeforeSuite setUp" time="0.0">
    <ignored/>
  </testcase> <!-- @BeforeSuite setUp -->
  <testcase classname="generic.BaseTest" name="@BeforeSuite setUp" time="0.0">
    <ignored/>
  </testcase> <!-- @BeforeSuite setUp -->
  <testcase classname="generic.BaseTest" name="@BeforeSuite setUp" time="0.0">
    <ignored/>
  </testcase> <!-- @BeforeSuite setUp -->
  <testcase classname="generic.BaseTest" name="@BeforeSuite setUp" time="0.0">
    <ignored/>
  </testcase> <!-- @BeforeSuite setUp -->
  <testcase classname="generic.BaseTest" name="@BeforeSuite setUp" time="0.0">
    <ignored/>
  </testcase> <!-- @BeforeSuite setUp -->
  <testcase classname="generic.BaseTest" name="@BeforeSuite setUp" time="0.0">
    <ignored/>
  </testcase> <!-- @BeforeSuite setUp -->
  <testcase classname="generic.BaseTest" name="@BeforeSuite setUp" time="0.0">
    <ignored/>
  </testcase> <!-- @BeforeSuite setUp -->
  <testcase classname="scripts.ReportsPageFunctionalityTest" name="Bottom_5_Auditees_Reports_Test" time="0.0">
    <ignored/>
  </testcase> <!-- Bottom_5_Auditees_Reports_Test -->
  <testcase classname="scripts.ReportsPageFunctionalityTest" name="Regionwise_Groupwise_Compliance_Reports_Test" time="0.0">
    <ignored/>
  </testcase> <!-- Regionwise_Groupwise_Compliance_Reports_Test -->
  <testcase classname="scripts.ReportsPageFunctionalityTest" name="Monthly_Bottom_Five_Adherence_Reports_Test" time="0.0">
    <ignored/>
  </testcase> <!-- Monthly_Bottom_Five_Adherence_Reports_Test -->
  <testcase classname="scripts.UserManagementPageFunctionalityTest" name="Confirmed_User_Login_Test" time="0.0">
    <ignored/>
  </testcase> <!-- Confirmed_User_Login_Test -->
  <testcase classname="scripts.ReportsPageFunctionalityTest" name="Monthly_Top_Five_Reports_Test" time="0.0">
    <ignored/>
  </testcase> <!-- Monthly_Top_Five_Reports_Test -->
</testsuite> <!-- Test -->
